<?xml version="1.0" encoding="UTF-8"?>
<testsuite xmlns:xsi="http://www.w3.org/2001/XMLSchema-instance" xsi:noNamespaceSchemaLocation="https://maven.apache.org/surefire/maven-surefire-plugin/xsd/surefire-test-report-3.0.xsd" version="3.0" name="TestRunner.RunnerTest" time="173.435" tests="7" errors="0" skipped="0" failures="2">
  <properties>
[...]
</properties>
  <testcase name="runScenario[&quot;Validate Login functionality&quot;, &quot;Test Orange HRM Application&quot;](1)" classname="TestRunner.RunnerTest" time="23.572">
    <system-out><![CDATA[
Scenario: Validate Login functionality                   # AllFeatureFiles/oranghrm.feature:3
  Given user is on login page                            # Steps.OrangeHRMSteps.user_is_on_login_page()

    Embedding 12012024_193126Validate Login functionality [image/png 8275 bytes]

  When user enter valid credentails                      # Steps.OrangeHRMSteps.user_enter_valid_credentails()

    Embedding 12012024_193136Validate Login functionality [image/png 8275 bytes]

  Then user is on home page and validate home page title # Steps.OrangeHRMSteps.user_is_on_home_page_and_validate_home_page_title()

    Embedding 12012024_193136Validate Login functionality [image/png 8275 bytes]

  And user validate Home page URL                        # Steps.OrangeHRMSteps.user_validate_home_page_url()

    Embedding 12012024_193136Validate Login functionality [image/png 123631 bytes]

]]></system-out>
  </testcase>
  <testcase name="runScenario[&quot;Validate PIM Page Functionality&quot;, &quot;Test Orange HRM Application&quot;](2)" classname="TestRunner.RunnerTest" time="2.032">
    <system-out><![CDATA[
Scenario: Validate PIM Page Functionality # AllFeatureFiles/oranghrm.feature:9
  When user is on pim Page                # Steps.OrangeHRMSteps.user_is_on_pim_page()

    Embedding 12012024_193138Validate PIM Page Functionality [image/png 8275 bytes]

  Then validate PIM page url              # Steps.OrangeHRMSteps.validate_pim_page_url()

    Embedding 12012024_193138Validate PIM Page Functionality [image/png 8275 bytes]

]]></system-out>
  </testcase>
  <testcase name="runScenario[&quot;Validate Add new Functionality&quot;, &quot;Test Orange HRM Application&quot;](3)" classname="TestRunner.RunnerTest" time="48.728">
    <failure message="no such element: Unable to locate element: {&quot;method&quot;:&quot;xpath&quot;,&quot;selector&quot;:&quot;//button[text()=&apos; Search &apos;]&quot;}&#10;  (Session info: chrome=119.0.6045.105)&#10;For documentation on this error, please visit: https://www.selenium.dev/documentation/webdriver/troubleshooting/errors#no-such-element-exception&#10;Build info: version: &apos;4.15.0&apos;, revision: &apos;1d14b5521b&apos;&#10;System info: os.name: &apos;Windows 10&apos;, os.arch: &apos;amd64&apos;, os.version: &apos;10.0&apos;, java.version: &apos;21.0.1&apos;&#10;Driver info: org.openqa.selenium.chrome.ChromeDriver&#10;Command: [315eed9c07836cc435e7565a986a7ef5, findElement {using=xpath, value=//button[text()=&apos; Search &apos;]}]&#10;Capabilities {acceptInsecureCerts: false, browserName: chrome, browserVersion: 119.0.6045.105, chrome: {chromedriverVersion: 119.0.6045.105 (38c72552c5e..., userDataDir: C:\Users\Jagdamb\AppData\Lo...}, fedcm:accounts: true, goog:chromeOptions: {debuggerAddress: localhost:64019}, networkConnectionEnabled: false, pageLoadStrategy: normal, platformName: windows, proxy: Proxy(), se:cdp: ws://localhost:64019/devtoo..., se:cdpVersion: 119.0.6045.105, setWindowRect: true, strictFileInteractability: false, timeouts: {implicit: 0, pageLoad: 300000, script: 30000}, unhandledPromptBehavior: dismiss and notify, webauthn:extension:credBlob: true, webauthn:extension:largeBlob: true, webauthn:extension:minPinLength: true, webauthn:extension:prf: true, webauthn:virtualAuthenticators: true}&#10;Session ID: 315eed9c07836cc435e7565a986a7ef5" type="org.openqa.selenium.NoSuchElementException"><![CDATA[org.openqa.selenium.NoSuchElementException: 
no such element: Unable to locate element: {"method":"xpath","selector":"//button[text()=' Search ']"}
  (Session info: chrome=119.0.6045.105)
For documentation on this error, please visit: https://www.selenium.dev/documentation/webdriver/troubleshooting/errors#no-such-element-exception
Build info: version: '4.15.0', revision: '1d14b5521b'
System info: os.name: 'Windows 10', os.arch: 'amd64', os.version: '10.0', java.version: '21.0.1'
Driver info: org.openqa.selenium.chrome.ChromeDriver
Command: [315eed9c07836cc435e7565a986a7ef5, findElement {using=xpath, value=//button[text()=' Search ']}]
Capabilities {acceptInsecureCerts: false, browserName: chrome, browserVersion: 119.0.6045.105, chrome: {chromedriverVersion: 119.0.6045.105 (38c72552c5e..., userDataDir: C:\Users\Jagdamb\AppData\Lo...}, fedcm:accounts: true, goog:chromeOptions: {debuggerAddress: localhost:64019}, networkConnectionEnabled: false, pageLoadStrategy: normal, platformName: windows, proxy: Proxy(), se:cdp: ws://localhost:64019/devtoo..., se:cdpVersion: 119.0.6045.105, setWindowRect: true, strictFileInteractability: false, timeouts: {implicit: 0, pageLoad: 300000, script: 30000}, unhandledPromptBehavior: dismiss and notify, webauthn:extension:credBlob: true, webauthn:extension:largeBlob: true, webauthn:extension:minPinLength: true, webauthn:extension:prf: true, webauthn:virtualAuthenticators: true}
Session ID: 315eed9c07836cc435e7565a986a7ef5
]]></failure>
    <system-out><![CDATA[
Scenario Outline: Validate Add new Functionality                      # AllFeatureFiles/oranghrm.feature:24
  When user click on add Employee                                     # Steps.OrangeHRMSteps.user_click_on_add_employee()

    Embedding 12012024_193141Validate Add new Functionality [image/png 8275 bytes]

  And user enter valid "abc1","pqr1", "xyz1" and click on save button # Steps.OrangeHRMSteps.user_enter_valid_and_click_on_save_button(java.lang.String,java.lang.String,java.lang.String)

    Embedding 12012024_193144Validate Add new Functionality [image/png 138809 bytes]

  And user capture the employee id                                    # Steps.OrangeHRMSteps.user_capture_the_employee_id()

    Embedding 12012024_193146Validate Add new Functionality [image/png 150617 bytes]

  And user click on add employee list                                 # Steps.OrangeHRMSteps.user_click_on_add_employee_list()

    Embedding 12012024_193152Validate Add new Functionality [image/png 162775 bytes]

  And user enter employee id and click on search button               # Steps.OrangeHRMSteps.user_enter_employee_id_and_click_on_search_button()
      org.openqa.selenium.NoSuchElementException: no such element: Unable to locate element: {"method":"xpath","selector":"//button[text()=' Search ']"}
  (Session info: chrome=119.0.6045.105)
For documentation on this error, please visit: https://www.selenium.dev/documentation/webdriver/troubleshooting/errors#no-such-element-exception
Build info: version: '4.15.0', revision: '1d14b5521b'
System info: os.name: 'Windows 10', os.arch: 'amd64', os.version: '10.0', java.version: '21.0.1'
Driver info: org.openqa.selenium.chrome.ChromeDriver
Command: [315eed9c07836cc435e7565a986a7ef5, findElement {using=xpath, value=//button[text()=' Search ']}]
Capabilities {acceptInsecureCerts: false, browserName: chrome, browserVersion: 119.0.6045.105, chrome: {chromedriverVersion: 119.0.6045.105 (38c72552c5e..., userDataDir: C:\Users\Jagdamb\AppData\Lo...}, fedcm:accounts: true, goog:chromeOptions: {debuggerAddress: localhost:64019}, networkConnectionEnabled: false, pageLoadStrategy: normal, platformName: windows, proxy: Proxy(), se:cdp: ws://localhost:64019/devtoo..., se:cdpVersion: 119.0.6045.105, setWindowRect: true, strictFileInteractability: false, timeouts: {implicit: 0, pageLoad: 300000, script: 30000}, unhandledPromptBehavior: dismiss and notify, webauthn:extension:credBlob: true, webauthn:extension:largeBlob: true, webauthn:extension:minPinLength: true, webauthn:extension:prf: true, webauthn:virtualAuthenticators: true}
Session ID: 315eed9c07836cc435e7565a986a7ef5
	at java.base/jdk.internal.reflect.DirectConstructorHandleAccessor.newInstance(DirectConstructorHandleAccessor.java:62)
	at java.base/java.lang.reflect.Constructor.newInstanceWithCaller(Constructor.java:502)
	at java.base/java.lang.reflect.Constructor.newInstance(Constructor.java:486)
	at org.openqa.selenium.remote.codec.w3c.W3CHttpResponseCodec.createException(W3CHttpResponseCodec.java:200)
	at org.openqa.selenium.remote.codec.w3c.W3CHttpResponseCodec.decode(W3CHttpResponseCodec.java:133)
	at org.openqa.selenium.remote.codec.w3c.W3CHttpResponseCodec.decode(W3CHttpResponseCodec.java:52)
	at org.openqa.selenium.remote.HttpCommandExecutor.execute(HttpCommandExecutor.java:191)
	at org.openqa.selenium.remote.service.DriverCommandExecutor.invokeExecute(DriverCommandExecutor.java:200)
	at org.openqa.selenium.remote.service.DriverCommandExecutor.execute(DriverCommandExecutor.java:175)
	at org.openqa.selenium.remote.RemoteWebDriver.execute(RemoteWebDriver.java:607)
	at org.openqa.selenium.remote.ElementLocation$ElementFinder$2.findElement(ElementLocation.java:165)
	at org.openqa.selenium.remote.ElementLocation.findElement(ElementLocation.java:59)
	at org.openqa.selenium.remote.RemoteWebDriver.findElement(RemoteWebDriver.java:364)
	at org.openqa.selenium.remote.RemoteWebDriver.findElement(RemoteWebDriver.java:358)
	at Steps.OrangeHRMSteps.user_enter_employee_id_and_click_on_search_button(OrangeHRMSteps.java:133)
	at ✽.user enter employee id and click on search button(file:///C:/Users/Jagdamb/eclipse-workspace/sir/OrangeHRMBDD/AllFeatureFiles/oranghrm.feature:18)


    Embedding 12012024_193227Validate Add new Functionality [image/png 191159 bytes]

  And user select searched employee and click on delete               # Steps.OrangeHRMSteps.user_select_searched_employee_and_click_on_delete()
  Then validate confirm delete window and click on yes deleted        # Steps.OrangeHRMSteps.validate_confirm_delete_window_and_click_on_yes_deleted()
]]></system-out>
  </testcase>
  <testcase name="runScenario[&quot;Validate Add new Functionality&quot;, &quot;Test Orange HRM Application&quot;](4)" classname="TestRunner.RunnerTest" time="46.326">
    <failure message="no such element: Unable to locate element: {&quot;method&quot;:&quot;xpath&quot;,&quot;selector&quot;:&quot;//button[text()=&apos; Search &apos;]&quot;}&#10;  (Session info: chrome=119.0.6045.105)&#10;For documentation on this error, please visit: https://www.selenium.dev/documentation/webdriver/troubleshooting/errors#no-such-element-exception&#10;Build info: version: &apos;4.15.0&apos;, revision: &apos;1d14b5521b&apos;&#10;System info: os.name: &apos;Windows 10&apos;, os.arch: &apos;amd64&apos;, os.version: &apos;10.0&apos;, java.version: &apos;21.0.1&apos;&#10;Driver info: org.openqa.selenium.chrome.ChromeDriver&#10;Command: [315eed9c07836cc435e7565a986a7ef5, findElement {using=xpath, value=//button[text()=&apos; Search &apos;]}]&#10;Capabilities {acceptInsecureCerts: false, browserName: chrome, browserVersion: 119.0.6045.105, chrome: {chromedriverVersion: 119.0.6045.105 (38c72552c5e..., userDataDir: C:\Users\Jagdamb\AppData\Lo...}, fedcm:accounts: true, goog:chromeOptions: {debuggerAddress: localhost:64019}, networkConnectionEnabled: false, pageLoadStrategy: normal, platformName: windows, proxy: Proxy(), se:cdp: ws://localhost:64019/devtoo..., se:cdpVersion: 119.0.6045.105, setWindowRect: true, strictFileInteractability: false, timeouts: {implicit: 0, pageLoad: 300000, script: 30000}, unhandledPromptBehavior: dismiss and notify, webauthn:extension:credBlob: true, webauthn:extension:largeBlob: true, webauthn:extension:minPinLength: true, webauthn:extension:prf: true, webauthn:virtualAuthenticators: true}&#10;Session ID: 315eed9c07836cc435e7565a986a7ef5" type="org.openqa.selenium.NoSuchElementException"><![CDATA[org.openqa.selenium.NoSuchElementException: 
no such element: Unable to locate element: {"method":"xpath","selector":"//button[text()=' Search ']"}
  (Session info: chrome=119.0.6045.105)
For documentation on this error, please visit: https://www.selenium.dev/documentation/webdriver/troubleshooting/errors#no-such-element-exception
Build info: version: '4.15.0', revision: '1d14b5521b'
System info: os.name: 'Windows 10', os.arch: 'amd64', os.version: '10.0', java.version: '21.0.1'
Driver info: org.openqa.selenium.chrome.ChromeDriver
Command: [315eed9c07836cc435e7565a986a7ef5, findElement {using=xpath, value=//button[text()=' Search ']}]
Capabilities {acceptInsecureCerts: false, browserName: chrome, browserVersion: 119.0.6045.105, chrome: {chromedriverVersion: 119.0.6045.105 (38c72552c5e..., userDataDir: C:\Users\Jagdamb\AppData\Lo...}, fedcm:accounts: true, goog:chromeOptions: {debuggerAddress: localhost:64019}, networkConnectionEnabled: false, pageLoadStrategy: normal, platformName: windows, proxy: Proxy(), se:cdp: ws://localhost:64019/devtoo..., se:cdpVersion: 119.0.6045.105, setWindowRect: true, strictFileInteractability: false, timeouts: {implicit: 0, pageLoad: 300000, script: 30000}, unhandledPromptBehavior: dismiss and notify, webauthn:extension:credBlob: true, webauthn:extension:largeBlob: true, webauthn:extension:minPinLength: true, webauthn:extension:prf: true, webauthn:virtualAuthenticators: true}
Session ID: 315eed9c07836cc435e7565a986a7ef5
]]></failure>
    <system-out><![CDATA[
Scenario Outline: Validate Add new Functionality                      # AllFeatureFiles/oranghrm.feature:25
  When user click on add Employee                                     # Steps.OrangeHRMSteps.user_click_on_add_employee()

    Embedding 12012024_193228Validate Add new Functionality [image/png 8275 bytes]

  And user enter valid "abc2","pqr2", "xyz2" and click on save button # Steps.OrangeHRMSteps.user_enter_valid_and_click_on_save_button(java.lang.String,java.lang.String,java.lang.String)

    Embedding 12012024_193232Validate Add new Functionality [image/png 138809 bytes]

  And user capture the employee id                                    # Steps.OrangeHRMSteps.user_capture_the_employee_id()

    Embedding 12012024_193234Validate Add new Functionality [image/png 150674 bytes]

  And user click on add employee list                                 # Steps.OrangeHRMSteps.user_click_on_add_employee_list()

    Embedding 12012024_193238Validate Add new Functionality [image/png 190076 bytes]

  And user enter employee id and click on search button               # Steps.OrangeHRMSteps.user_enter_employee_id_and_click_on_search_button()
      org.openqa.selenium.NoSuchElementException: no such element: Unable to locate element: {"method":"xpath","selector":"//button[text()=' Search ']"}
  (Session info: chrome=119.0.6045.105)
For documentation on this error, please visit: https://www.selenium.dev/documentation/webdriver/troubleshooting/errors#no-such-element-exception
Build info: version: '4.15.0', revision: '1d14b5521b'
System info: os.name: 'Windows 10', os.arch: 'amd64', os.version: '10.0', java.version: '21.0.1'
Driver info: org.openqa.selenium.chrome.ChromeDriver
Command: [315eed9c07836cc435e7565a986a7ef5, findElement {using=xpath, value=//button[text()=' Search ']}]
Capabilities {acceptInsecureCerts: false, browserName: chrome, browserVersion: 119.0.6045.105, chrome: {chromedriverVersion: 119.0.6045.105 (38c72552c5e..., userDataDir: C:\Users\Jagdamb\AppData\Lo...}, fedcm:accounts: true, goog:chromeOptions: {debuggerAddress: localhost:64019}, networkConnectionEnabled: false, pageLoadStrategy: normal, platformName: windows, proxy: Proxy(), se:cdp: ws://localhost:64019/devtoo..., se:cdpVersion: 119.0.6045.105, setWindowRect: true, strictFileInteractability: false, timeouts: {implicit: 0, pageLoad: 300000, script: 30000}, unhandledPromptBehavior: dismiss and notify, webauthn:extension:credBlob: true, webauthn:extension:largeBlob: true, webauthn:extension:minPinLength: true, webauthn:extension:prf: true, webauthn:virtualAuthenticators: true}
Session ID: 315eed9c07836cc435e7565a986a7ef5
	at java.base/jdk.internal.reflect.DirectConstructorHandleAccessor.newInstance(DirectConstructorHandleAccessor.java:62)
	at java.base/java.lang.reflect.Constructor.newInstanceWithCaller(Constructor.java:502)
	at java.base/java.lang.reflect.Constructor.newInstance(Constructor.java:486)
	at org.openqa.selenium.remote.codec.w3c.W3CHttpResponseCodec.createException(W3CHttpResponseCodec.java:200)
	at org.openqa.selenium.remote.codec.w3c.W3CHttpResponseCodec.decode(W3CHttpResponseCodec.java:133)
	at org.openqa.selenium.remote.codec.w3c.W3CHttpResponseCodec.decode(W3CHttpResponseCodec.java:52)
	at org.openqa.selenium.remote.HttpCommandExecutor.execute(HttpCommandExecutor.java:191)
	at org.openqa.selenium.remote.service.DriverCommandExecutor.invokeExecute(DriverCommandExecutor.java:200)
	at org.openqa.selenium.remote.service.DriverCommandExecutor.execute(DriverCommandExecutor.java:175)
	at org.openqa.selenium.remote.RemoteWebDriver.execute(RemoteWebDriver.java:607)
	at org.openqa.selenium.remote.ElementLocation$ElementFinder$2.findElement(ElementLocation.java:165)
	at org.openqa.selenium.remote.ElementLocation.findElement(ElementLocation.java:59)
	at org.openqa.selenium.remote.RemoteWebDriver.findElement(RemoteWebDriver.java:364)
	at org.openqa.selenium.remote.RemoteWebDriver.findElement(RemoteWebDriver.java:358)
	at Steps.OrangeHRMSteps.user_enter_employee_id_and_click_on_search_button(OrangeHRMSteps.java:133)
	at ✽.user enter employee id and click on search button(file:///C:/Users/Jagdamb/eclipse-workspace/sir/OrangeHRMBDD/AllFeatureFiles/oranghrm.feature:18)


    Embedding 12012024_193313Validate Add new Functionality [image/png 192412 bytes]

  And user select searched employee and click on delete               # Steps.OrangeHRMSteps.user_select_searched_employee_and_click_on_delete()
  Then validate confirm delete window and click on yes deleted        # Steps.OrangeHRMSteps.validate_confirm_delete_window_and_click_on_yes_deleted()
]]></system-out>
  </testcase>
  <testcase name="runScenario[&quot;Validate Add new Functionality&quot;, &quot;Test Orange HRM Application&quot;](5)" classname="TestRunner.RunnerTest" time="18.77">
    <system-out><![CDATA[
Scenario Outline: Validate Add new Functionality                      # AllFeatureFiles/oranghrm.feature:26
  When user click on add Employee                                     # Steps.OrangeHRMSteps.user_click_on_add_employee()

    Embedding 12012024_193314Validate Add new Functionality [image/png 8275 bytes]

  And user enter valid "abc3","pqr3", "xyz3" and click on save button # Steps.OrangeHRMSteps.user_enter_valid_and_click_on_save_button(java.lang.String,java.lang.String,java.lang.String)

    Embedding 12012024_193317Validate Add new Functionality [image/png 138785 bytes]

  And user capture the employee id                                    # Steps.OrangeHRMSteps.user_capture_the_employee_id()

    Embedding 12012024_193319Validate Add new Functionality [image/png 150651 bytes]

  And user click on add employee list                                 # Steps.OrangeHRMSteps.user_click_on_add_employee_list()

    Embedding 12012024_193322Validate Add new Functionality [image/png 168536 bytes]

  And user enter employee id and click on search button               # Steps.OrangeHRMSteps.user_enter_employee_id_and_click_on_search_button()

    Embedding 12012024_193328Validate Add new Functionality [image/png 170047 bytes]

  And user select searched employee and click on delete               # Steps.OrangeHRMSteps.user_select_searched_employee_and_click_on_delete()

    Embedding 12012024_193332Validate Add new Functionality [image/png 201019 bytes]

  Then validate confirm delete window and click on yes deleted        # Steps.OrangeHRMSteps.validate_confirm_delete_window_and_click_on_yes_deleted()

    Embedding 12012024_193332Validate Add new Functionality [image/png 170038 bytes]

]]></system-out>
  </testcase>
  <testcase name="runScenario[&quot;Validate Add new Functionality&quot;, &quot;Test Orange HRM Application&quot;](6)" classname="TestRunner.RunnerTest" time="18.723">
    <system-out><![CDATA[
Scenario Outline: Validate Add new Functionality                      # AllFeatureFiles/oranghrm.feature:27
  When user click on add Employee                                     # Steps.OrangeHRMSteps.user_click_on_add_employee()

    Embedding 12012024_193333Validate Add new Functionality [image/png 8275 bytes]

  And user enter valid "abc4","pqr4", "xyz4" and click on save button # Steps.OrangeHRMSteps.user_enter_valid_and_click_on_save_button(java.lang.String,java.lang.String,java.lang.String)

    Embedding 12012024_193336Validate Add new Functionality [image/png 138813 bytes]

  And user capture the employee id                                    # Steps.OrangeHRMSteps.user_capture_the_employee_id()

    Embedding 12012024_193338Validate Add new Functionality [image/png 150641 bytes]

  And user click on add employee list                                 # Steps.OrangeHRMSteps.user_click_on_add_employee_list()

    Embedding 12012024_193341Validate Add new Functionality [image/png 168536 bytes]

  And user enter employee id and click on search button               # Steps.OrangeHRMSteps.user_enter_employee_id_and_click_on_search_button()

    Embedding 12012024_193346Validate Add new Functionality [image/png 170016 bytes]

  And user select searched employee and click on delete               # Steps.OrangeHRMSteps.user_select_searched_employee_and_click_on_delete()

    Embedding 12012024_193351Validate Add new Functionality [image/png 195720 bytes]

  Then validate confirm delete window and click on yes deleted        # Steps.OrangeHRMSteps.validate_confirm_delete_window_and_click_on_yes_deleted()

    Embedding 12012024_193351Validate Add new Functionality [image/png 170007 bytes]

]]></system-out>
  </testcase>
  <testcase name="runScenario[&quot;Validate logout functionality&quot;, &quot;Test Orange HRM Application&quot;](7)" classname="TestRunner.RunnerTest" time="4.724">
    <system-out><![CDATA[
Scenario: Validate logout functionality # AllFeatureFiles/oranghrm.feature:29
  When user click on profile image      # Steps.OrangeHRMSteps.user_click_on_profile_image()

    Embedding 12012024_193353Validate logout functionality [image/png 190642 bytes]

  And user click on logout button       # Steps.OrangeHRMSteps.user_click_on_logout_button()

    Embedding 12012024_193356Validate logout functionality [image/png 8275 bytes]

]]></system-out>
  </testcase>
</testsuite>